<?xml version="1.0" encoding="UTF-8"?>
<!-- Generated by org.testng.reporters.JUnitReportReporter -->
<testsuite skipped="0" hostname="VIMAL" name="com.heartbingo.AppTest" tests="1" failures="0" timestamp="20 Jan 2022 13:30:24 GMT" time="0.005" errors="0">
  <testcase name="shouldAnswerWithTrue" time="0.005" classname="com.heartbingo.AppTest"/>
</testsuite> <!-- com.heartbingo.AppTest -->
